#! /usr/local/Cellar/icarus-verilog/11.0/bin/vvp
:ivl_version "11.0 (stable)";
:ivl_delay_selection "TYPICAL";
:vpi_time_precision - 9;
:vpi_module "/usr/local/Cellar/icarus-verilog/11.0/lib/ivl/system.vpi";
:vpi_module "/usr/local/Cellar/icarus-verilog/11.0/lib/ivl/vhdl_sys.vpi";
:vpi_module "/usr/local/Cellar/icarus-verilog/11.0/lib/ivl/vhdl_textio.vpi";
:vpi_module "/usr/local/Cellar/icarus-verilog/11.0/lib/ivl/v2005_math.vpi";
:vpi_module "/usr/local/Cellar/icarus-verilog/11.0/lib/ivl/va_math.vpi";
S_0x7fa529704780 .scope module, "bus_arbiter" "bus_arbiter" 2 8;
 .timescale -9 -9;
    .port_info 0 /INPUT 1 "clk";
    .port_info 1 /INPUT 1 "reset";
    .port_info 2 /INPUT 1 "m0_req_";
    .port_info 3 /OUTPUT 1 "m0_grnt_";
    .port_info 4 /INPUT 1 "m1_req_";
    .port_info 5 /OUTPUT 1 "m1_grnt_";
    .port_info 6 /INPUT 1 "m2_req_";
    .port_info 7 /OUTPUT 1 "m2_grnt_";
    .port_info 8 /INPUT 1 "m3_req_";
    .port_info 9 /OUTPUT 1 "m3_grnt_";
o0x7fa52a032008 .functor BUFZ 1, C4<z>; HiZ drive
v0x600002fb0000_0 .net "clk", 0 0, o0x7fa52a032008;  0 drivers
v0x600002fb0090_0 .var "m0_grnt_", 0 0;
o0x7fa52a032068 .functor BUFZ 1, C4<z>; HiZ drive
v0x600002fb0120_0 .net "m0_req_", 0 0, o0x7fa52a032068;  0 drivers
v0x600002fb01b0_0 .var "m1_grnt_", 0 0;
o0x7fa52a0320c8 .functor BUFZ 1, C4<z>; HiZ drive
v0x600002fb0240_0 .net "m1_req_", 0 0, o0x7fa52a0320c8;  0 drivers
v0x600002fb02d0_0 .var "m2_grnt_", 0 0;
o0x7fa52a032128 .functor BUFZ 1, C4<z>; HiZ drive
v0x600002fb0360_0 .net "m2_req_", 0 0, o0x7fa52a032128;  0 drivers
v0x600002fb03f0_0 .var "m3_grnt_", 0 0;
o0x7fa52a032188 .functor BUFZ 1, C4<z>; HiZ drive
v0x600002fb0480_0 .net "m3_req_", 0 0, o0x7fa52a032188;  0 drivers
v0x600002fb0510_0 .var "owner", 1 0;
o0x7fa52a0321e8 .functor BUFZ 1, C4<z>; HiZ drive
v0x600002fb05a0_0 .net "reset", 0 0, o0x7fa52a0321e8;  0 drivers
E_0x6000013b0600/0 .event negedge, v0x600002fb05a0_0;
E_0x6000013b0600/1 .event posedge, v0x600002fb0000_0;
E_0x6000013b0600 .event/or E_0x6000013b0600/0, E_0x6000013b0600/1;
E_0x6000013b0720 .event edge, v0x600002fb0510_0;
    .scope S_0x7fa529704780;
T_0 ;
    %wait E_0x6000013b0720;
    %pushi/vec4 1, 0, 1;
    %store/vec4 v0x600002fb0090_0, 0, 1;
    %pushi/vec4 1, 0, 1;
    %store/vec4 v0x600002fb01b0_0, 0, 1;
    %pushi/vec4 1, 0, 1;
    %store/vec4 v0x600002fb02d0_0, 0, 1;
    %pushi/vec4 1, 0, 1;
    %store/vec4 v0x600002fb03f0_0, 0, 1;
    %load/vec4 v0x600002fb0510_0;
    %dup/vec4;
    %pushi/vec4 0, 0, 2;
    %cmp/u;
    %jmp/1 T_0.0, 6;
    %dup/vec4;
    %pushi/vec4 1, 0, 2;
    %cmp/u;
    %jmp/1 T_0.1, 6;
    %dup/vec4;
    %pushi/vec4 2, 0, 2;
    %cmp/u;
    %jmp/1 T_0.2, 6;
    %dup/vec4;
    %pushi/vec4 3, 0, 2;
    %cmp/u;
    %jmp/1 T_0.3, 6;
    %jmp T_0.4;
T_0.0 ;
    %pushi/vec4 0, 0, 1;
    %store/vec4 v0x600002fb0090_0, 0, 1;
    %jmp T_0.4;
T_0.1 ;
    %pushi/vec4 0, 0, 1;
    %store/vec4 v0x600002fb01b0_0, 0, 1;
    %jmp T_0.4;
T_0.2 ;
    %pushi/vec4 0, 0, 1;
    %store/vec4 v0x600002fb02d0_0, 0, 1;
    %jmp T_0.4;
T_0.3 ;
    %pushi/vec4 0, 0, 1;
    %store/vec4 v0x600002fb03f0_0, 0, 1;
    %jmp T_0.4;
T_0.4 ;
    %pop/vec4 1;
    %jmp T_0;
    .thread T_0, $push;
    .scope S_0x7fa529704780;
T_1 ;
    %wait E_0x6000013b0600;
    %load/vec4 v0x600002fb05a0_0;
    %cmpi/e 0, 0, 1;
    %jmp/0xz  T_1.0, 4;
    %pushi/vec4 0, 0, 2;
    %assign/vec4 v0x600002fb0510_0, 1;
    %jmp T_1.1;
T_1.0 ;
    %load/vec4 v0x600002fb0510_0;
    %dup/vec4;
    %pushi/vec4 0, 0, 2;
    %cmp/u;
    %jmp/1 T_1.2, 6;
    %dup/vec4;
    %pushi/vec4 1, 0, 2;
    %cmp/u;
    %jmp/1 T_1.3, 6;
    %dup/vec4;
    %pushi/vec4 2, 0, 2;
    %cmp/u;
    %jmp/1 T_1.4, 6;
    %dup/vec4;
    %pushi/vec4 3, 0, 2;
    %cmp/u;
    %jmp/1 T_1.5, 6;
    %jmp T_1.6;
T_1.2 ;
    %load/vec4 v0x600002fb0120_0;
    %cmpi/e 0, 0, 1;
    %jmp/0xz  T_1.7, 4;
    %pushi/vec4 0, 0, 2;
    %assign/vec4 v0x600002fb0510_0, 1;
    %jmp T_1.8;
T_1.7 ;
    %load/vec4 v0x600002fb0240_0;
    %cmpi/e 0, 0, 1;
    %jmp/0xz  T_1.9, 4;
    %pushi/vec4 1, 0, 2;
    %assign/vec4 v0x600002fb0510_0, 1;
    %jmp T_1.10;
T_1.9 ;
    %load/vec4 v0x600002fb0360_0;
    %cmpi/e 0, 0, 1;
    %jmp/0xz  T_1.11, 4;
    %pushi/vec4 2, 0, 2;
    %assign/vec4 v0x600002fb0510_0, 1;
    %jmp T_1.12;
T_1.11 ;
    %load/vec4 v0x600002fb0480_0;
    %cmpi/e 0, 0, 1;
    %jmp/0xz  T_1.13, 4;
    %pushi/vec4 3, 0, 2;
    %assign/vec4 v0x600002fb0510_0, 1;
T_1.13 ;
T_1.12 ;
T_1.10 ;
T_1.8 ;
    %jmp T_1.6;
T_1.3 ;
    %load/vec4 v0x600002fb0240_0;
    %cmpi/e 0, 0, 1;
    %jmp/0xz  T_1.15, 4;
    %pushi/vec4 1, 0, 2;
    %assign/vec4 v0x600002fb0510_0, 1;
    %jmp T_1.16;
T_1.15 ;
    %load/vec4 v0x600002fb0360_0;
    %cmpi/e 0, 0, 1;
    %jmp/0xz  T_1.17, 4;
    %pushi/vec4 2, 0, 2;
    %assign/vec4 v0x600002fb0510_0, 1;
    %jmp T_1.18;
T_1.17 ;
    %load/vec4 v0x600002fb0480_0;
    %cmpi/e 0, 0, 1;
    %jmp/0xz  T_1.19, 4;
    %pushi/vec4 3, 0, 2;
    %assign/vec4 v0x600002fb0510_0, 1;
    %jmp T_1.20;
T_1.19 ;
    %load/vec4 v0x600002fb0120_0;
    %cmpi/e 0, 0, 1;
    %jmp/0xz  T_1.21, 4;
    %pushi/vec4 0, 0, 2;
    %assign/vec4 v0x600002fb0510_0, 1;
T_1.21 ;
T_1.20 ;
T_1.18 ;
T_1.16 ;
    %jmp T_1.6;
T_1.4 ;
    %load/vec4 v0x600002fb0360_0;
    %cmpi/e 0, 0, 1;
    %jmp/0xz  T_1.23, 4;
    %pushi/vec4 2, 0, 2;
    %assign/vec4 v0x600002fb0510_0, 1;
    %jmp T_1.24;
T_1.23 ;
    %load/vec4 v0x600002fb0480_0;
    %cmpi/e 0, 0, 1;
    %jmp/0xz  T_1.25, 4;
    %pushi/vec4 3, 0, 2;
    %assign/vec4 v0x600002fb0510_0, 1;
    %jmp T_1.26;
T_1.25 ;
    %load/vec4 v0x600002fb0120_0;
    %cmpi/e 0, 0, 1;
    %jmp/0xz  T_1.27, 4;
    %pushi/vec4 0, 0, 2;
    %assign/vec4 v0x600002fb0510_0, 1;
    %jmp T_1.28;
T_1.27 ;
    %load/vec4 v0x600002fb0240_0;
    %cmpi/e 0, 0, 1;
    %jmp/0xz  T_1.29, 4;
    %pushi/vec4 1, 0, 2;
    %assign/vec4 v0x600002fb0510_0, 1;
T_1.29 ;
T_1.28 ;
T_1.26 ;
T_1.24 ;
    %jmp T_1.6;
T_1.5 ;
    %load/vec4 v0x600002fb0480_0;
    %cmpi/e 0, 0, 1;
    %jmp/0xz  T_1.31, 4;
    %pushi/vec4 3, 0, 2;
    %assign/vec4 v0x600002fb0510_0, 1;
    %jmp T_1.32;
T_1.31 ;
    %load/vec4 v0x600002fb0120_0;
    %cmpi/e 0, 0, 1;
    %jmp/0xz  T_1.33, 4;
    %pushi/vec4 0, 0, 2;
    %assign/vec4 v0x600002fb0510_0, 1;
    %jmp T_1.34;
T_1.33 ;
    %load/vec4 v0x600002fb0240_0;
    %cmpi/e 0, 0, 1;
    %jmp/0xz  T_1.35, 4;
    %pushi/vec4 1, 0, 2;
    %assign/vec4 v0x600002fb0510_0, 1;
    %jmp T_1.36;
T_1.35 ;
    %load/vec4 v0x600002fb0360_0;
    %cmpi/e 0, 0, 1;
    %jmp/0xz  T_1.37, 4;
    %pushi/vec4 2, 0, 2;
    %assign/vec4 v0x600002fb0510_0, 1;
T_1.37 ;
T_1.36 ;
T_1.34 ;
T_1.32 ;
    %jmp T_1.6;
T_1.6 ;
    %pop/vec4 1;
T_1.1 ;
    %jmp T_1;
    .thread T_1;
# The file index is used to find the file name in the following table.
:file_names 3;
    "N/A";
    "<interactive>";
    "bus_arbiter.v";
