#! /usr/local/Cellar/icarus-verilog/11.0/bin/vvp
:ivl_version "11.0 (stable)";
:ivl_delay_selection "TYPICAL";
:vpi_time_precision + 0;
:vpi_module "/usr/local/Cellar/icarus-verilog/11.0/lib/ivl/system.vpi";
:vpi_module "/usr/local/Cellar/icarus-verilog/11.0/lib/ivl/vhdl_sys.vpi";
:vpi_module "/usr/local/Cellar/icarus-verilog/11.0/lib/ivl/vhdl_textio.vpi";
:vpi_module "/usr/local/Cellar/icarus-verilog/11.0/lib/ivl/v2005_math.vpi";
:vpi_module "/usr/local/Cellar/icarus-verilog/11.0/lib/ivl/va_math.vpi";
S_0x7f8831b04080 .scope module, "bus_slave_mux" "bus_slave_mux" 2 7;
 .timescale 0 0;
    .port_info 0 /INPUT 1 "s0_cs_";
    .port_info 1 /INPUT 32 "s0_rd_data";
    .port_info 2 /INPUT 1 "s0_rdy_";
    .port_info 3 /INPUT 1 "s1_cs_";
    .port_info 4 /INPUT 32 "s1_rd_data";
    .port_info 5 /INPUT 1 "s1_rdy_";
    .port_info 6 /INPUT 1 "s2_cs_";
    .port_info 7 /INPUT 32 "s2_rd_data";
    .port_info 8 /INPUT 1 "s2_rdy_";
    .port_info 9 /INPUT 1 "s3_cs_";
    .port_info 10 /INPUT 32 "s3_rd_data";
    .port_info 11 /INPUT 1 "s3_rdy_";
    .port_info 12 /INPUT 1 "s4_cs_";
    .port_info 13 /INPUT 32 "s4_rd_data";
    .port_info 14 /INPUT 1 "s4_rdy_";
    .port_info 15 /INPUT 1 "s5_cs_";
    .port_info 16 /INPUT 32 "s5_rd_data";
    .port_info 17 /INPUT 1 "s5_rdy_";
    .port_info 18 /INPUT 1 "s6_cs_";
    .port_info 19 /INPUT 32 "s6_rd_data";
    .port_info 20 /INPUT 1 "s6_rdy_";
    .port_info 21 /INPUT 1 "s7_cs_";
    .port_info 22 /INPUT 32 "s7_rd_data";
    .port_info 23 /INPUT 1 "s7_rdy_";
    .port_info 24 /OUTPUT 32 "m_rd_data";
    .port_info 25 /OUTPUT 1 "m_rdy_";
v0x6000010bc000_0 .var "m_rd_data", 31 0;
v0x6000010b8000_0 .var "m_rdy_", 0 0;
o0x7f8831832068 .functor BUFZ 1, C4<z>; HiZ drive
v0x6000010b8090_0 .net "s0_cs_", 0 0, o0x7f8831832068;  0 drivers
o0x7f8831832098 .functor BUFZ 32, C4<zzzzzzzzzzzzzzzzzzzzzzzzzzzzzzzz>; HiZ drive
v0x6000010b8120_0 .net "s0_rd_data", 31 0, o0x7f8831832098;  0 drivers
o0x7f88318320c8 .functor BUFZ 1, C4<z>; HiZ drive
v0x6000010b81b0_0 .net "s0_rdy_", 0 0, o0x7f88318320c8;  0 drivers
o0x7f88318320f8 .functor BUFZ 1, C4<z>; HiZ drive
v0x6000010b8240_0 .net "s1_cs_", 0 0, o0x7f88318320f8;  0 drivers
o0x7f8831832128 .functor BUFZ 32, C4<zzzzzzzzzzzzzzzzzzzzzzzzzzzzzzzz>; HiZ drive
v0x6000010b82d0_0 .net "s1_rd_data", 31 0, o0x7f8831832128;  0 drivers
o0x7f8831832158 .functor BUFZ 1, C4<z>; HiZ drive
v0x6000010b8360_0 .net "s1_rdy_", 0 0, o0x7f8831832158;  0 drivers
o0x7f8831832188 .functor BUFZ 1, C4<z>; HiZ drive
v0x6000010b83f0_0 .net "s2_cs_", 0 0, o0x7f8831832188;  0 drivers
o0x7f88318321b8 .functor BUFZ 32, C4<zzzzzzzzzzzzzzzzzzzzzzzzzzzzzzzz>; HiZ drive
v0x6000010b8480_0 .net "s2_rd_data", 31 0, o0x7f88318321b8;  0 drivers
o0x7f88318321e8 .functor BUFZ 1, C4<z>; HiZ drive
v0x6000010b8510_0 .net "s2_rdy_", 0 0, o0x7f88318321e8;  0 drivers
o0x7f8831832218 .functor BUFZ 1, C4<z>; HiZ drive
v0x6000010b85a0_0 .net "s3_cs_", 0 0, o0x7f8831832218;  0 drivers
o0x7f8831832248 .functor BUFZ 32, C4<zzzzzzzzzzzzzzzzzzzzzzzzzzzzzzzz>; HiZ drive
v0x6000010b8630_0 .net "s3_rd_data", 31 0, o0x7f8831832248;  0 drivers
o0x7f8831832278 .functor BUFZ 1, C4<z>; HiZ drive
v0x6000010b86c0_0 .net "s3_rdy_", 0 0, o0x7f8831832278;  0 drivers
o0x7f88318322a8 .functor BUFZ 1, C4<z>; HiZ drive
v0x6000010b8750_0 .net "s4_cs_", 0 0, o0x7f88318322a8;  0 drivers
o0x7f88318322d8 .functor BUFZ 32, C4<zzzzzzzzzzzzzzzzzzzzzzzzzzzzzzzz>; HiZ drive
v0x6000010b87e0_0 .net "s4_rd_data", 31 0, o0x7f88318322d8;  0 drivers
o0x7f8831832308 .functor BUFZ 1, C4<z>; HiZ drive
v0x6000010b8870_0 .net "s4_rdy_", 0 0, o0x7f8831832308;  0 drivers
o0x7f8831832338 .functor BUFZ 1, C4<z>; HiZ drive
v0x6000010b8900_0 .net "s5_cs_", 0 0, o0x7f8831832338;  0 drivers
o0x7f8831832368 .functor BUFZ 32, C4<zzzzzzzzzzzzzzzzzzzzzzzzzzzzzzzz>; HiZ drive
v0x6000010b8990_0 .net "s5_rd_data", 31 0, o0x7f8831832368;  0 drivers
o0x7f8831832398 .functor BUFZ 1, C4<z>; HiZ drive
v0x6000010b8a20_0 .net "s5_rdy_", 0 0, o0x7f8831832398;  0 drivers
o0x7f88318323c8 .functor BUFZ 1, C4<z>; HiZ drive
v0x6000010b8ab0_0 .net "s6_cs_", 0 0, o0x7f88318323c8;  0 drivers
o0x7f88318323f8 .functor BUFZ 32, C4<zzzzzzzzzzzzzzzzzzzzzzzzzzzzzzzz>; HiZ drive
v0x6000010b8b40_0 .net "s6_rd_data", 31 0, o0x7f88318323f8;  0 drivers
o0x7f8831832428 .functor BUFZ 1, C4<z>; HiZ drive
v0x6000010b8bd0_0 .net "s6_rdy_", 0 0, o0x7f8831832428;  0 drivers
o0x7f8831832458 .functor BUFZ 1, C4<z>; HiZ drive
v0x6000010b8c60_0 .net "s7_cs_", 0 0, o0x7f8831832458;  0 drivers
o0x7f8831832488 .functor BUFZ 32, C4<zzzzzzzzzzzzzzzzzzzzzzzzzzzzzzzz>; HiZ drive
v0x6000010b8cf0_0 .net "s7_rd_data", 31 0, o0x7f8831832488;  0 drivers
o0x7f88318324b8 .functor BUFZ 1, C4<z>; HiZ drive
v0x6000010b8d80_0 .net "s7_rdy_", 0 0, o0x7f88318324b8;  0 drivers
E_0x600002cb80f0/0 .event edge, v0x6000010b8090_0, v0x6000010b8120_0, v0x6000010b81b0_0, v0x6000010b8240_0;
E_0x600002cb80f0/1 .event edge, v0x6000010b82d0_0, v0x6000010b8360_0, v0x6000010b83f0_0, v0x6000010b8480_0;
E_0x600002cb80f0/2 .event edge, v0x6000010b8510_0, v0x6000010b85a0_0, v0x6000010b8630_0, v0x6000010b86c0_0;
E_0x600002cb80f0/3 .event edge, v0x6000010b8750_0, v0x6000010b87e0_0, v0x6000010b8870_0, v0x6000010b8900_0;
E_0x600002cb80f0/4 .event edge, v0x6000010b8990_0, v0x6000010b8a20_0, v0x6000010b8ab0_0, v0x6000010b8b40_0;
E_0x600002cb80f0/5 .event edge, v0x6000010b8bd0_0, v0x6000010b8c60_0, v0x6000010b8cf0_0, v0x6000010b8d80_0;
E_0x600002cb80f0 .event/or E_0x600002cb80f0/0, E_0x600002cb80f0/1, E_0x600002cb80f0/2, E_0x600002cb80f0/3, E_0x600002cb80f0/4, E_0x600002cb80f0/5;
    .scope S_0x7f8831b04080;
T_0 ;
    %wait E_0x600002cb80f0;
    %load/vec4 v0x6000010b8090_0;
    %cmpi/e 0, 0, 1;
    %jmp/0xz  T_0.0, 4;
    %load/vec4 v0x6000010b8120_0;
    %store/vec4 v0x6000010bc000_0, 0, 32;
    %load/vec4 v0x6000010b81b0_0;
    %store/vec4 v0x6000010b8000_0, 0, 1;
    %jmp T_0.1;
T_0.0 ;
    %load/vec4 v0x6000010b8240_0;
    %cmpi/e 0, 0, 1;
    %jmp/0xz  T_0.2, 4;
    %load/vec4 v0x6000010b82d0_0;
    %store/vec4 v0x6000010bc000_0, 0, 32;
    %load/vec4 v0x6000010b8360_0;
    %store/vec4 v0x6000010b8000_0, 0, 1;
    %jmp T_0.3;
T_0.2 ;
    %load/vec4 v0x6000010b83f0_0;
    %cmpi/e 0, 0, 1;
    %jmp/0xz  T_0.4, 4;
    %load/vec4 v0x6000010b8480_0;
    %store/vec4 v0x6000010bc000_0, 0, 32;
    %load/vec4 v0x6000010b8510_0;
    %store/vec4 v0x6000010b8000_0, 0, 1;
    %jmp T_0.5;
T_0.4 ;
    %load/vec4 v0x6000010b85a0_0;
    %cmpi/e 0, 0, 1;
    %jmp/0xz  T_0.6, 4;
    %load/vec4 v0x6000010b8630_0;
    %store/vec4 v0x6000010bc000_0, 0, 32;
    %load/vec4 v0x6000010b86c0_0;
    %store/vec4 v0x6000010b8000_0, 0, 1;
    %jmp T_0.7;
T_0.6 ;
    %load/vec4 v0x6000010b8750_0;
    %cmpi/e 0, 0, 1;
    %jmp/0xz  T_0.8, 4;
    %load/vec4 v0x6000010b87e0_0;
    %store/vec4 v0x6000010bc000_0, 0, 32;
    %load/vec4 v0x6000010b8870_0;
    %store/vec4 v0x6000010b8000_0, 0, 1;
    %jmp T_0.9;
T_0.8 ;
    %load/vec4 v0x6000010b8900_0;
    %cmpi/e 0, 0, 1;
    %jmp/0xz  T_0.10, 4;
    %load/vec4 v0x6000010b8990_0;
    %store/vec4 v0x6000010bc000_0, 0, 32;
    %load/vec4 v0x6000010b8a20_0;
    %store/vec4 v0x6000010b8000_0, 0, 1;
    %jmp T_0.11;
T_0.10 ;
    %load/vec4 v0x6000010b8ab0_0;
    %cmpi/e 0, 0, 1;
    %jmp/0xz  T_0.12, 4;
    %load/vec4 v0x6000010b8b40_0;
    %store/vec4 v0x6000010bc000_0, 0, 32;
    %load/vec4 v0x6000010b8bd0_0;
    %store/vec4 v0x6000010b8000_0, 0, 1;
    %jmp T_0.13;
T_0.12 ;
    %load/vec4 v0x6000010b8c60_0;
    %cmpi/e 0, 0, 1;
    %jmp/0xz  T_0.14, 4;
    %load/vec4 v0x6000010b8cf0_0;
    %store/vec4 v0x6000010bc000_0, 0, 32;
    %load/vec4 v0x6000010b8d80_0;
    %store/vec4 v0x6000010b8000_0, 0, 1;
    %jmp T_0.15;
T_0.14 ;
    %pushi/vec4 0, 0, 32;
    %store/vec4 v0x6000010bc000_0, 0, 32;
    %pushi/vec4 1, 0, 1;
    %store/vec4 v0x6000010b8000_0, 0, 1;
T_0.15 ;
T_0.13 ;
T_0.11 ;
T_0.9 ;
T_0.7 ;
T_0.5 ;
T_0.3 ;
T_0.1 ;
    %jmp T_0;
    .thread T_0, $push;
# The file index is used to find the file name in the following table.
:file_names 3;
    "N/A";
    "<interactive>";
    "bus_slave_mux.v";
